#! /usr/share/iverilog-0.10.0/bin/vvp
:ivl_version "0.10.0 (devel)" "(v0_9_6)";
:ivl_delay_selection "TYPICAL";
:vpi_time_precision + 0;
:vpi_module "system";
:vpi_module "vhdl_sys";
:vpi_module "v2005_math";
:vpi_module "va_math";
:vpi_module "v2009";
S_0x18ae7b0 .scope module, "blocking" "blocking" 2 1;
 .timescale 0 0;
    .port_info 0 /INPUT 1 "clk"
    .port_info 1 /INPUT 1 "rst_n"
    .port_info 2 /INPUT 1 "a_i"
    .port_info 3 /INPUT 1 "b_i"
    .port_info 4 /OUTPUT 1 "a_o"
    .port_info 5 /OUTPUT 1 "b_o"
L_0x18bfbc0 .functor BUFZ 1, v0x18ae9d0_0, C4<0>, C4<0>, C4<0>;
L_0x18bfc80 .functor BUFZ 1, v0x18bf6b0_0, C4<0>, C4<0>, C4<0>;
v0x18ae9d0_0 .var "a", 0 0;
o0x7fe80fdcc048 .functor BUFZ 1, C4<z>; HiZ drive
v0x18bf520_0 .net "a_i", 0 0, o0x7fe80fdcc048;  0 drivers
v0x18bf5e0_0 .net "a_o", 0 0, L_0x18bfbc0;  1 drivers
v0x18bf6b0_0 .var "b", 0 0;
o0x7fe80fdcc0d8 .functor BUFZ 1, C4<z>; HiZ drive
v0x18bf770_0 .net "b_i", 0 0, o0x7fe80fdcc0d8;  0 drivers
v0x18bf880_0 .net "b_o", 0 0, L_0x18bfc80;  1 drivers
o0x7fe80fdcc138 .functor BUFZ 1, C4<z>; HiZ drive
v0x18bf940_0 .net "clk", 0 0, o0x7fe80fdcc138;  0 drivers
o0x7fe80fdcc168 .functor BUFZ 1, C4<z>; HiZ drive
v0x18bfa00_0 .net "rst_n", 0 0, o0x7fe80fdcc168;  0 drivers
E_0x18af410/0 .event negedge, v0x18bfa00_0;
E_0x18af410/1 .event posedge, v0x18bf940_0;
E_0x18af410 .event/or E_0x18af410/0, E_0x18af410/1;
    .scope S_0x18ae7b0;
T_0 ;
    %wait E_0x18af410;
    %load/v 8, v0x18bfa00_0, 1;
    %inv 8, 1;
    %jmp/0xz  T_0.0, 8;
    %load/v 8, v0x18bf520_0, 1;
    %set/v v0x18ae9d0_0, 8, 1;
    %load/v 8, v0x18bf770_0, 1;
    %set/v v0x18bf6b0_0, 8, 1;
    %jmp T_0.1;
T_0.0 ;
    %load/v 8, v0x18bf6b0_0, 1;
    %set/v v0x18ae9d0_0, 8, 1;
    %load/v 8, v0x18ae9d0_0, 1;
    %set/v v0x18bf6b0_0, 8, 1;
T_0.1 ;
    %jmp T_0;
    .thread T_0;
# The file index is used to find the file name in the following table.
:file_names 3;
    "N/A";
    "<interactive>";
    "design.sv";
